<?xml version="1.0" encoding="UTF-8"?>
<testsuite name="com.bridgelab.UserRegistrationTest" tests="3" skipped="0" failures="0" errors="0" timestamp="2020-09-20T12:15:36" hostname="ABC" time="0.004">
  <properties/>
  <testcase name="firstName_returnsFalse_ifNumberOfCharDoesNotMatch" classname="com.bridgelab.UserRegistrationTest" time="0.002"/>
  <testcase name="firstName_returnFalse_ifFirstCharNotUppercase" classname="com.bridgelab.UserRegistrationTest" time="0.0"/>
  <testcase name="firstName_returnsTrue_ifFirstNameProper" classname="com.bridgelab.UserRegistrationTest" time="0.001"/>
  <system-out><![CDATA[]]></system-out>
  <system-err><![CDATA[]]></system-err>
</testsuite>
