<?xml version="1.0" encoding="UTF-8"?>
<testsuite name="com.bridgelab.UserRegistrationTest" tests="2" skipped="0" failures="0" errors="0" timestamp="2020-09-20T16:29:53" hostname="ABC" time="0.006">
  <properties/>
  <testcase name="password_returnFalse_ifPasswordNotHavingAleastOneUpperCase" classname="com.bridgelab.UserRegistrationTest" time="0.003"/>
  <testcase name="password_returnTrue_ifPasswordHavingAleastOneUpperCase" classname="com.bridgelab.UserRegistrationTest" time="0.002"/>
  <system-out><![CDATA[]]></system-out>
  <system-err><![CDATA[]]></system-err>
</testsuite>
