<?xml version="1.0" encoding="UTF-8"?>
<testsuite name="com.bridgelab.UserRegistrationTest" tests="3" skipped="0" failures="0" errors="0" timestamp="2020-09-20T13:58:41" hostname="ABC" time="0.032">
  <properties/>
  <testcase name="lastName_returnFalse_ifFirstCharNotUppercase" classname="com.bridgelab.UserRegistrationTest" time="0.003"/>
  <testcase name="lastName_returnsFalse_ifNumberOfCharDoesNotMatch" classname="com.bridgelab.UserRegistrationTest" time="0.011"/>
  <testcase name="lastName_returnsTrue_ifLastNameProper" classname="com.bridgelab.UserRegistrationTest" time="0.001"/>
  <system-out><![CDATA[]]></system-out>
  <system-err><![CDATA[]]></system-err>
</testsuite>
