<?xml version="1.0" encoding="UTF-8"?>
<testsuite name="com.bridgelab.UserRegistrationTest" tests="2" skipped="0" failures="0" errors="0" timestamp="2020-09-20T16:34:46" hostname="ABC" time="0.01">
  <properties/>
  <testcase name="password_returnTrue_ifPasswordHavingAleastOneNumeric" classname="com.bridgelab.UserRegistrationTest" time="0.005"/>
  <testcase name="password_returnFalse_ifPasswordNotHavingAleastOneNumeric" classname="com.bridgelab.UserRegistrationTest" time="0.004"/>
  <system-out><![CDATA[]]></system-out>
  <system-err><![CDATA[]]></system-err>
</testsuite>
