<?xml version="1.0" encoding="UTF-8"?>
<testsuite name="com.bridgelab.UserRegistrationTest" tests="2" skipped="0" failures="0" errors="0" timestamp="2020-09-20T16:39:36" hostname="ABC" time="0.004">
  <properties/>
  <testcase name="password_returnTrue_ifPasswordHavingAleastOneSpecialCharacter" classname="com.bridgelab.UserRegistrationTest" time="0.003"/>
  <testcase name="password_returnFalse_ifPasswordNotHavingAleastOneSecialCharacter" classname="com.bridgelab.UserRegistrationTest" time="0.0"/>
  <system-out><![CDATA[]]></system-out>
  <system-err><![CDATA[]]></system-err>
</testsuite>
