<?xml version="1.0" encoding="UTF-8"?>
<testsuite name="com.bridgelab.UserRegistrationTest" tests="3" skipped="0" failures="0" errors="0" timestamp="2020-09-20T15:49:34" hostname="ABC" time="0.012">
  <properties/>
  <testcase name="email_returnTrue_ifEmailIsProper" classname="com.bridgelab.UserRegistrationTest" time="0.005"/>
  <testcase name="email_returnFalse_ifEmailIsNotProper" classname="com.bridgelab.UserRegistrationTest" time="0.001"/>
  <testcase name="email_returnFalse_ifInEmailSingleDotIsNotThere" classname="com.bridgelab.UserRegistrationTest" time="0.005"/>
  <system-out><![CDATA[]]></system-out>
  <system-err><![CDATA[]]></system-err>
</testsuite>
