<?xml version="1.0" encoding="UTF-8"?>
<testsuite name="com.bridgelab.UserRegistrationTest" tests="4" skipped="0" failures="0" errors="0" timestamp="2020-09-20T15:58:11" hostname="ABC" time="0.006">
  <properties/>
  <testcase name="mobileNumber_returnFalse_ifNoSpaceAfterCountryCode" classname="com.bridgelab.UserRegistrationTest" time="0.003"/>
  <testcase name="mobileNumber_returnFalse_ifMobileNumberIsNotTenDigits" classname="com.bridgelab.UserRegistrationTest" time="0.001"/>
  <testcase name="mobileNumber_returnTrue_ifMobileNumberIsProper" classname="com.bridgelab.UserRegistrationTest" time="0.001"/>
  <testcase name="mobileNumber_retunFalse_ifNumberIsStartWithzero" classname="com.bridgelab.UserRegistrationTest" time="0.001"/>
  <system-out><![CDATA[]]></system-out>
  <system-err><![CDATA[]]></system-err>
</testsuite>
